Flow report for ioRead
Fri May 22 23:33:15 2020
Quartus II 64-Bit Version 13.0.1 Build 232 06/12/2013 Service Pack 1 SJ Full Version


---------------------
; Table of Contents ;
---------------------
  1. Legal Notice
  2. Flow Summary
  3. Flow Settings
  4. Flow Non-Default Global Settings
  5. Flow Elapsed Time
  6. Flow OS Summary
  7. Flow Log
  8. Flow Messages
  9. Flow Suppressed Messages



----------------
; Legal Notice ;
----------------
Copyright (C) 1991-2013 Altera Corporation
Your use of Altera Corporation's design tools, logic functions 
and other software and tools, and its AMPP partner logic 
functions, and any output files from any of the foregoing 
(including device programming or simulation files), and any 
associated documentation or information are expressly subject 
to the terms and conditions of the Altera Program License 
Subscription Agreement, Altera MegaCore Function License 
Agreement, or other applicable license agreement, including, 
without limitation, that your use is for the sole purpose of 
programming logic devices manufactured by Altera and sold by 
Altera or its authorized distributors.  Please refer to the 
applicable agreement for further details.



+---------------------------------------------------------------------------------------+
; Flow Summary                                                                          ;
+------------------------------------+--------------------------------------------------+
; Flow Status                        ; Successful - Fri May 22 23:33:15 2020            ;
; Quartus II 64-Bit Version          ; 13.0.1 Build 232 06/12/2013 SP 1 SJ Full Version ;
; Revision Name                      ; ioRead                                           ;
; Top-level Entity Name              ; ioRead                                           ;
; Family                             ; Cyclone II                                       ;
; Device                             ; EP2C5Q208C8                                      ;
; Timing Models                      ; Final                                            ;
; Total logic elements               ; 8 / 4,608 ( < 1 % )                              ;
;     Total combinational functions  ; 8 / 4,608 ( < 1 % )                              ;
;     Dedicated logic registers      ; 0 / 4,608 ( 0 % )                                ;
; Total registers                    ; 0                                                ;
; Total pins                         ; 17 / 142 ( 12 % )                                ;
; Total virtual pins                 ; 0                                                ;
; Total memory bits                  ; 0 / 119,808 ( 0 % )                              ;
; Embedded Multiplier 9-bit elements ; 0 / 26 ( 0 % )                                   ;
; Total PLLs                         ; 0 / 2 ( 0 % )                                    ;
+------------------------------------+--------------------------------------------------+


+-----------------------------------------+
; Flow Settings                           ;
+-------------------+---------------------+
; Option            ; Setting             ;
+-------------------+---------------------+
; Start date & time ; 05/22/2020 23:32:56 ;
; Main task         ; Compilation         ;
; Revision Name     ; ioRead              ;
+-------------------+---------------------+


+-----------------------------------------------------------------------------------------------------------------------+
; Flow Non-Default Global Settings                                                                                      ;
+--------------------------------------+---------------------------------+---------------+-------------+----------------+
; Assignment Name                      ; Value                           ; Default Value ; Entity Name ; Section Id     ;
+--------------------------------------+---------------------------------+---------------+-------------+----------------+
; COMPILER_SIGNATURE_ID                ; 220295151548220.159016157510952 ; --            ; --          ; --             ;
; EDA_DESIGN_INSTANCE_NAME             ; NA                              ; --            ; --          ; ioRead_test    ;
; EDA_NATIVELINK_SIMULATION_TEST_BENCH ; ioRead_test                     ; --            ; --          ; eda_simulation ;
; EDA_OUTPUT_DATA_FORMAT               ; Verilog Hdl                     ; --            ; --          ; eda_simulation ;
; EDA_RUN_TOOL_AUTOMATICALLY           ; On                              ; --            ; --          ; eda_simulation ;
; EDA_SIMULATION_TOOL                  ; ModelSim-Altera (Verilog)       ; <None>        ; --          ; --             ;
; EDA_TEST_BENCH_ENABLE_STATUS         ; TEST_BENCH_MODE                 ; --            ; --          ; eda_simulation ;
; EDA_TEST_BENCH_FILE                  ; ioRead_test.v                   ; --            ; --          ; ioRead_test    ;
; EDA_TEST_BENCH_MODULE_NAME           ; ioRead_test                     ; --            ; --          ; ioRead_test    ;
; EDA_TEST_BENCH_NAME                  ; ioRead_test                     ; --            ; --          ; eda_simulation ;
; EDA_TIME_SCALE                       ; 1 ps                            ; --            ; --          ; eda_simulation ;
; IP_TOOL_NAME                         ; LPM_CONSTANT                    ; --            ; --          ; --             ;
; IP_TOOL_NAME                         ; LPM_MUX                         ; --            ; --          ; --             ;
; IP_TOOL_VERSION                      ; 13.0                            ; --            ; --          ; --             ;
; IP_TOOL_VERSION                      ; 13.0                            ; --            ; --          ; --             ;
; MAX_CORE_JUNCTION_TEMP               ; 85                              ; --            ; --          ; --             ;
; MIN_CORE_JUNCTION_TEMP               ; 0                               ; --            ; --          ; --             ;
; MISC_FILE                            ; lpm_constant0.bsf               ; --            ; --          ; --             ;
; MISC_FILE                            ; lpm_constant0_bb.v              ; --            ; --          ; --             ;
; MISC_FILE                            ; lpm_mux0.bsf                    ; --            ; --          ; --             ;
; MISC_FILE                            ; lpm_mux0_bb.v                   ; --            ; --          ; --             ;
; PARTITION_COLOR                      ; 16764057                        ; --            ; --          ; Top            ;
; PARTITION_FITTER_PRESERVATION_LEVEL  ; PLACEMENT_AND_ROUTING           ; --            ; --          ; Top            ;
; PARTITION_NETLIST_TYPE               ; SOURCE                          ; --            ; --          ; Top            ;
; PROJECT_OUTPUT_DIRECTORY             ; output_files                    ; --            ; --          ; --             ;
+--------------------------------------+---------------------------------+---------------+-------------+----------------+


+-------------------------------------------------------------------------------------------------------------------------------+
; Flow Elapsed Time                                                                                                             ;
+---------------------------+--------------+-------------------------+---------------------+------------------------------------+
; Module Name               ; Elapsed Time ; Average Processors Used ; Peak Virtual Memory ; Total CPU Time (on all processors) ;
+---------------------------+--------------+-------------------------+---------------------+------------------------------------+
; Analysis & Synthesis      ; 00:00:03     ; 1.0                     ; 4616 MB             ; 00:00:03                           ;
; Fitter                    ; 00:00:05     ; 1.0                     ; 5045 MB             ; 00:00:05                           ;
; Assembler                 ; 00:00:03     ; 1.0                     ; 4583 MB             ; 00:00:02                           ;
; TimeQuest Timing Analyzer ; 00:00:04     ; 1.0                     ; 4585 MB             ; 00:00:03                           ;
; EDA Netlist Writer        ; 00:00:01     ; 1.0                     ; 4543 MB             ; 00:00:01                           ;
; Total                     ; 00:00:16     ; --                      ; --                  ; 00:00:14                           ;
+---------------------------+--------------+-------------------------+---------------------+------------------------------------+


+----------------------------------------------------------------------------------------+
; Flow OS Summary                                                                        ;
+---------------------------+------------------+-----------+------------+----------------+
; Module Name               ; Machine Hostname ; OS Name   ; OS Version ; Processor type ;
+---------------------------+------------------+-----------+------------+----------------+
; Analysis & Synthesis      ; DESKTOP-A1GBR7G  ; Windows 7 ; 6.2        ; x86_64         ;
; Fitter                    ; DESKTOP-A1GBR7G  ; Windows 7 ; 6.2        ; x86_64         ;
; Assembler                 ; DESKTOP-A1GBR7G  ; Windows 7 ; 6.2        ; x86_64         ;
; TimeQuest Timing Analyzer ; DESKTOP-A1GBR7G  ; Windows 7 ; 6.2        ; x86_64         ;
; EDA Netlist Writer        ; DESKTOP-A1GBR7G  ; Windows 7 ; 6.2        ; x86_64         ;
+---------------------------+------------------+-----------+------------+----------------+


------------
; Flow Log ;
------------
quartus_map --read_settings_files=on --write_settings_files=off ioRead -c ioRead
quartus_fit --read_settings_files=off --write_settings_files=off ioRead -c ioRead
quartus_asm --read_settings_files=off --write_settings_files=off ioRead -c ioRead
quartus_sta ioRead -c ioRead
quartus_eda --read_settings_files=off --write_settings_files=off ioRead -c ioRead



