Analysis & Synthesis report for IO
Fri May 29 14:43:24 2020
Quartus II 64-Bit Version 13.0.1 Build 232 06/12/2013 Service Pack 1 SJ Full Version


---------------------
; Table of Contents ;
---------------------
  1. Legal Notice
  2. Analysis & Synthesis Summary
  3. Analysis & Synthesis Settings
  4. Parallel Compilation
  5. Analysis & Synthesis Source Files Read
  6. Analysis & Synthesis Resource Usage Summary
  7. Analysis & Synthesis Resource Utilization by Entity
  8. Analysis & Synthesis IP Cores Summary
  9. General Register Statistics
 10. Inverted Register Statistics
 11. Multiplexer Restructuring Statistics (Restructuring Performed)
 12. Parameter Settings for User Entity Instance: ioRead:inst|lpm_mux0:inst1|lpm_mux:LPM_MUX_component
 13. Parameter Settings for User Entity Instance: ioRead:inst|lpm_constant0:inst|lpm_constant:LPM_CONSTANT_component
 14. Elapsed Time Per Partition
 15. Analysis & Synthesis Messages
 16. Analysis & Synthesis Suppressed Messages



----------------
; Legal Notice ;
----------------
Copyright (C) 1991-2013 Altera Corporation
Your use of Altera Corporation's design tools, logic functions 
and other software and tools, and its AMPP partner logic 
functions, and any output files from any of the foregoing 
(including device programming or simulation files), and any 
associated documentation or information are expressly subject 
to the terms and conditions of the Altera Program License 
Subscription Agreement, Altera MegaCore Function License 
Agreement, or other applicable license agreement, including, 
without limitation, that your use is for the sole purpose of 
programming logic devices manufactured by Altera and sold by 
Altera or its authorized distributors.  Please refer to the 
applicable agreement for further details.



+---------------------------------------------------------------------------------------+
; Analysis & Synthesis Summary                                                          ;
+------------------------------------+--------------------------------------------------+
; Analysis & Synthesis Status        ; Successful - Fri May 29 14:43:24 2020            ;
; Quartus II 64-Bit Version          ; 13.0.1 Build 232 06/12/2013 SP 1 SJ Full Version ;
; Revision Name                      ; IO                                               ;
; Top-level Entity Name              ; IO                                               ;
; Family                             ; Cyclone II                                       ;
; Total logic elements               ; 47                                               ;
;     Total combinational functions  ; 47                                               ;
;     Dedicated logic registers      ; 16                                               ;
; Total registers                    ; 16                                               ;
; Total pins                         ; 47                                               ;
; Total virtual pins                 ; 0                                                ;
; Total memory bits                  ; 0                                                ;
; Embedded Multiplier 9-bit elements ; 0                                                ;
; Total PLLs                         ; 0                                                ;
+------------------------------------+--------------------------------------------------+


+----------------------------------------------------------------------------------------------------------------------+
; Analysis & Synthesis Settings                                                                                        ;
+----------------------------------------------------------------------------+--------------------+--------------------+
; Option                                                                     ; Setting            ; Default Value      ;
+----------------------------------------------------------------------------+--------------------+--------------------+
; Device                                                                     ; EP2C5Q208C8        ;                    ;
; Top-level entity name                                                      ; IO                 ; IO                 ;
; Family name                                                                ; Cyclone II         ; Cyclone IV GX      ;
; Use smart compilation                                                      ; Off                ; Off                ;
; Enable parallel Assembler and TimeQuest Timing Analyzer during compilation ; On                 ; On                 ;
; Enable compact report table                                                ; Off                ; Off                ;
; Restructure Multiplexers                                                   ; Auto               ; Auto               ;
; Create Debugging Nodes for IP Cores                                        ; Off                ; Off                ;
; Preserve fewer node names                                                  ; On                 ; On                 ;
; Disable OpenCore Plus hardware evaluation                                  ; Off                ; Off                ;
; Verilog Version                                                            ; Verilog_2001       ; Verilog_2001       ;
; VHDL Version                                                               ; VHDL_1993          ; VHDL_1993          ;
; State Machine Processing                                                   ; Auto               ; Auto               ;
; Safe State Machine                                                         ; Off                ; Off                ;
; Extract Verilog State Machines                                             ; On                 ; On                 ;
; Extract VHDL State Machines                                                ; On                 ; On                 ;
; Ignore Verilog initial constructs                                          ; Off                ; Off                ;
; Iteration limit for constant Verilog loops                                 ; 5000               ; 5000               ;
; Iteration limit for non-constant Verilog loops                             ; 250                ; 250                ;
; Add Pass-Through Logic to Inferred RAMs                                    ; On                 ; On                 ;
; Infer RAMs from Raw Logic                                                  ; On                 ; On                 ;
; Parallel Synthesis                                                         ; On                 ; On                 ;
; DSP Block Balancing                                                        ; Auto               ; Auto               ;
; NOT Gate Push-Back                                                         ; On                 ; On                 ;
; Power-Up Don't Care                                                        ; On                 ; On                 ;
; Remove Redundant Logic Cells                                               ; Off                ; Off                ;
; Remove Duplicate Registers                                                 ; On                 ; On                 ;
; Ignore CARRY Buffers                                                       ; Off                ; Off                ;
; Ignore CASCADE Buffers                                                     ; Off                ; Off                ;
; Ignore GLOBAL Buffers                                                      ; Off                ; Off                ;
; Ignore ROW GLOBAL Buffers                                                  ; Off                ; Off                ;
; Ignore LCELL Buffers                                                       ; Off                ; Off                ;
; Ignore SOFT Buffers                                                        ; On                 ; On                 ;
; Limit AHDL Integers to 32 Bits                                             ; Off                ; Off                ;
; Optimization Technique                                                     ; Balanced           ; Balanced           ;
; Carry Chain Length                                                         ; 70                 ; 70                 ;
; Auto Carry Chains                                                          ; On                 ; On                 ;
; Auto Open-Drain Pins                                                       ; On                 ; On                 ;
; Perform WYSIWYG Primitive Resynthesis                                      ; Off                ; Off                ;
; Auto ROM Replacement                                                       ; On                 ; On                 ;
; Auto RAM Replacement                                                       ; On                 ; On                 ;
; Auto Shift Register Replacement                                            ; Auto               ; Auto               ;
; Allow Shift Register Merging across Hierarchies                            ; Auto               ; Auto               ;
; Auto Clock Enable Replacement                                              ; On                 ; On                 ;
; Strict RAM Replacement                                                     ; Off                ; Off                ;
; Allow Synchronous Control Signals                                          ; On                 ; On                 ;
; Force Use of Synchronous Clear Signals                                     ; Off                ; Off                ;
; Auto RAM to Logic Cell Conversion                                          ; Off                ; Off                ;
; Auto Resource Sharing                                                      ; Off                ; Off                ;
; Allow Any RAM Size For Recognition                                         ; Off                ; Off                ;
; Allow Any ROM Size For Recognition                                         ; Off                ; Off                ;
; Allow Any Shift Register Size For Recognition                              ; Off                ; Off                ;
; Use LogicLock Constraints during Resource Balancing                        ; On                 ; On                 ;
; Ignore translate_off and synthesis_off directives                          ; Off                ; Off                ;
; Timing-Driven Synthesis                                                    ; Off                ; Off                ;
; Report Parameter Settings                                                  ; On                 ; On                 ;
; Report Source Assignments                                                  ; On                 ; On                 ;
; Report Connectivity Checks                                                 ; On                 ; On                 ;
; Ignore Maximum Fan-Out Assignments                                         ; Off                ; Off                ;
; Synchronization Register Chain Length                                      ; 2                  ; 2                  ;
; PowerPlay Power Optimization                                               ; Normal compilation ; Normal compilation ;
; HDL message level                                                          ; Level2             ; Level2             ;
; Suppress Register Optimization Related Messages                            ; Off                ; Off                ;
; Number of Removed Registers Reported in Synthesis Report                   ; 5000               ; 5000               ;
; Number of Swept Nodes Reported in Synthesis Report                         ; 5000               ; 5000               ;
; Number of Inverted Registers Reported in Synthesis Report                  ; 100                ; 100                ;
; Clock MUX Protection                                                       ; On                 ; On                 ;
; Auto Gated Clock Conversion                                                ; Off                ; Off                ;
; Block Design Naming                                                        ; Auto               ; Auto               ;
; SDC constraint protection                                                  ; Off                ; Off                ;
; Synthesis Effort                                                           ; Auto               ; Auto               ;
; Shift Register Replacement - Allow Asynchronous Clear Signal               ; On                 ; On                 ;
; Pre-Mapping Resynthesis Optimization                                       ; Off                ; Off                ;
; Analysis & Synthesis Message Level                                         ; Medium             ; Medium             ;
; Disable Register Merging Across Hierarchies                                ; Auto               ; Auto               ;
; Resource Aware Inference For Block RAM                                     ; On                 ; On                 ;
; Synthesis Seed                                                             ; 1                  ; 1                  ;
+----------------------------------------------------------------------------+--------------------+--------------------+


+------------------------------------------+
; Parallel Compilation                     ;
+----------------------------+-------------+
; Processors                 ; Number      ;
+----------------------------+-------------+
; Number detected on machine ; 4           ;
; Maximum allowed            ; 2           ;
;                            ;             ;
; Average used               ; 1.00        ;
; Maximum used               ; 1           ;
;                            ;             ;
; Usage by Processor         ; % Time Used ;
;     Processor 1            ; 100.0%      ;
;     Processors 2-4         ;   0.0%      ;
+----------------------------+-------------+


+------------------------------------------------------------------------------------------------------------------------------------------------------------------------------------------------+
; Analysis & Synthesis Source Files Read                                                                                                                                                         ;
+----------------------------------+-----------------+------------------------------------+--------------------------------------------------------------------------------------------+---------+
; File Name with User-Entered Path ; Used in Netlist ; File Type                          ; File Name with Absolute Path                                                               ; Library ;
+----------------------------------+-----------------+------------------------------------+--------------------------------------------------------------------------------------------+---------+
; ../ioRead/lpm_mux0.v             ; yes             ; User Wizard-Generated File         ; C:/Users/SC/Documents/Sophomoreii/COAD/experiment/exp4/MiniComputer/ioRead/lpm_mux0.v      ;         ;
; ../ioRead/lpm_constant0.v        ; yes             ; User Wizard-Generated File         ; C:/Users/SC/Documents/Sophomoreii/COAD/experiment/exp4/MiniComputer/ioRead/lpm_constant0.v ;         ;
; ../DigChoose/DigChoose.v         ; yes             ; User Verilog HDL File              ; C:/Users/SC/Documents/Sophomoreii/COAD/experiment/exp4/MiniComputer/DigChoose/DigChoose.v  ;         ;
; ../showall/showall.v             ; yes             ; User Verilog HDL File              ; C:/Users/SC/Documents/Sophomoreii/COAD/experiment/exp4/MiniComputer/showall/showall.v      ;         ;
; ../show/show.v                   ; yes             ; User Verilog HDL File              ; C:/Users/SC/Documents/Sophomoreii/COAD/experiment/exp4/MiniComputer/show/show.v            ;         ;
; ../ioRead/ioRead.bdf             ; yes             ; User Block Diagram/Schematic File  ; C:/Users/SC/Documents/Sophomoreii/COAD/experiment/exp4/MiniComputer/ioRead/ioRead.bdf      ;         ;
; IO.bdf                           ; yes             ; User Block Diagram/Schematic File  ; C:/Users/SC/Documents/Sophomoreii/COAD/experiment/exp4/MiniComputer/IO/IO.bdf              ;         ;
; lpm_mux.tdf                      ; yes             ; Megafunction                       ; c:/altera/13.0sp1/quartus/libraries/megafunctions/lpm_mux.tdf                              ;         ;
; aglobal130.inc                   ; yes             ; Megafunction                       ; c:/altera/13.0sp1/quartus/libraries/megafunctions/aglobal130.inc                           ;         ;
; muxlut.inc                       ; yes             ; Megafunction                       ; c:/altera/13.0sp1/quartus/libraries/megafunctions/muxlut.inc                               ;         ;
; bypassff.inc                     ; yes             ; Megafunction                       ; c:/altera/13.0sp1/quartus/libraries/megafunctions/bypassff.inc                             ;         ;
; altshift.inc                     ; yes             ; Megafunction                       ; c:/altera/13.0sp1/quartus/libraries/megafunctions/altshift.inc                             ;         ;
; db/mux_smc.tdf                   ; yes             ; Auto-Generated Megafunction        ; C:/Users/SC/Documents/Sophomoreii/COAD/experiment/exp4/MiniComputer/IO/db/mux_smc.tdf      ;         ;
; lpm_constant.tdf                 ; yes             ; Megafunction                       ; c:/altera/13.0sp1/quartus/libraries/megafunctions/lpm_constant.tdf                         ;         ;
+----------------------------------+-----------------+------------------------------------+--------------------------------------------------------------------------------------------+---------+


+-----------------------------------------------------+
; Analysis & Synthesis Resource Usage Summary         ;
+---------------------------------------------+-------+
; Resource                                    ; Usage ;
+---------------------------------------------+-------+
; Estimated Total logic elements              ; 47    ;
;                                             ;       ;
; Total combinational functions               ; 47    ;
; Logic element usage by number of LUT inputs ;       ;
;     -- 4 input functions                    ; 13    ;
;     -- 3 input functions                    ; 9     ;
;     -- <=2 input functions                  ; 25    ;
;                                             ;       ;
; Logic elements by mode                      ;       ;
;     -- normal mode                          ; 47    ;
;     -- arithmetic mode                      ; 0     ;
;                                             ;       ;
; Total registers                             ; 16    ;
;     -- Dedicated logic registers            ; 16    ;
;     -- I/O registers                        ; 0     ;
;                                             ;       ;
; I/O pins                                    ; 47    ;
; Embedded Multiplier 9-bit elements          ; 0     ;
; Maximum fan-out node                        ; CLK   ;
; Maximum fan-out                             ; 16    ;
; Total fan-out                               ; 188   ;
; Average fan-out                             ; 1.71  ;
+---------------------------------------------+-------+


+---------------------------------------------------------------------------------------------------------------------------------------------------------------------------------------------------------------------------------------------------+
; Analysis & Synthesis Resource Utilization by Entity                                                                                                                                                                                               ;
+--------------------------------------+-------------------+--------------+-------------+--------------+---------+-----------+------+--------------+---------------------------------------------------------------------------------+--------------+
; Compilation Hierarchy Node           ; LC Combinationals ; LC Registers ; Memory Bits ; DSP Elements ; DSP 9x9 ; DSP 18x18 ; Pins ; Virtual Pins ; Full Hierarchy Name                                                             ; Library Name ;
+--------------------------------------+-------------------+--------------+-------------+--------------+---------+-----------+------+--------------+---------------------------------------------------------------------------------+--------------+
; |IO                                  ; 47 (0)            ; 16 (0)       ; 0           ; 0            ; 0       ; 0         ; 47   ; 0            ; |IO                                                                             ; work         ;
;    |ioRead:inst|                     ; 8 (0)             ; 0 (0)        ; 0           ; 0            ; 0       ; 0         ; 0    ; 0            ; |IO|ioRead:inst                                                                 ; work         ;
;       |lpm_mux0:inst1|               ; 8 (0)             ; 0 (0)        ; 0           ; 0            ; 0       ; 0         ; 0    ; 0            ; |IO|ioRead:inst|lpm_mux0:inst1                                                  ; work         ;
;          |lpm_mux:LPM_MUX_component| ; 8 (0)             ; 0 (0)        ; 0           ; 0            ; 0       ; 0         ; 0    ; 0            ; |IO|ioRead:inst|lpm_mux0:inst1|lpm_mux:LPM_MUX_component                        ; work         ;
;             |mux_smc:auto_generated| ; 8 (8)             ; 0 (0)        ; 0           ; 0            ; 0       ; 0         ; 0    ; 0            ; |IO|ioRead:inst|lpm_mux0:inst1|lpm_mux:LPM_MUX_component|mux_smc:auto_generated ; work         ;
;    |showall:inst1|                   ; 39 (8)            ; 16 (0)       ; 0           ; 0            ; 0       ; 0         ; 0    ; 0            ; |IO|showall:inst1                                                               ; work         ;
;       |DigChoose:dc|                 ; 17 (17)           ; 9 (9)        ; 0           ; 0            ; 0       ; 0         ; 0    ; 0            ; |IO|showall:inst1|DigChoose:dc                                                  ; work         ;
;       |show:sh|                      ; 14 (14)           ; 7 (7)        ; 0           ; 0            ; 0       ; 0         ; 0    ; 0            ; |IO|showall:inst1|show:sh                                                       ; work         ;
+--------------------------------------+-------------------+--------------+-------------+--------------+---------+-----------+------+--------------+---------------------------------------------------------------------------------+--------------+
Note: For table entries with two numbers listed, the numbers in parentheses indicate the number of resources of the given type used by the specific entity alone. The numbers listed outside of parentheses indicate the total resources of the given type used by the specific entity and all of its sub-entities in the hierarchy.


+-------------------------------------------------------------------------------------------------------------------------------------------------------------------------------------------------+
; Analysis & Synthesis IP Cores Summary                                                                                                                                                           ;
+--------+--------------+---------+--------------+--------------+------------------------------------+--------------------------------------------------------------------------------------------+
; Vendor ; IP Core Name ; Version ; Release Date ; License Type ; Entity Instance                    ; IP Include File                                                                            ;
+--------+--------------+---------+--------------+--------------+------------------------------------+--------------------------------------------------------------------------------------------+
; Altera ; LPM_CONSTANT ; N/A     ; N/A          ; N/A          ; |IO|ioRead:inst|lpm_constant0:inst ; C:/Users/SC/Documents/Sophomoreii/COAD/experiment/exp4/MiniComputer/ioRead/lpm_constant0.v ;
; Altera ; LPM_MUX      ; N/A     ; N/A          ; N/A          ; |IO|ioRead:inst|lpm_mux0:inst1     ; C:/Users/SC/Documents/Sophomoreii/COAD/experiment/exp4/MiniComputer/ioRead/lpm_mux0.v      ;
+--------+--------------+---------+--------------+--------------+------------------------------------+--------------------------------------------------------------------------------------------+


+------------------------------------------------------+
; General Register Statistics                          ;
+----------------------------------------------+-------+
; Statistic                                    ; Value ;
+----------------------------------------------+-------+
; Total registers                              ; 16    ;
; Number of registers using Synchronous Clear  ; 0     ;
; Number of registers using Synchronous Load   ; 0     ;
; Number of registers using Asynchronous Clear ; 0     ;
; Number of registers using Asynchronous Load  ; 0     ;
; Number of registers using Clock Enable       ; 0     ;
; Number of registers using Preset             ; 0     ;
+----------------------------------------------+-------+


+--------------------------------------------------+
; Inverted Register Statistics                     ;
+----------------------------------------+---------+
; Inverted Register                      ; Fan out ;
+----------------------------------------+---------+
; showall:inst1|DigChoose:dc|dig[0]      ; 6       ;
; Total number of inverted registers = 1 ;         ;
+----------------------------------------+---------+


+-----------------------------------------------------------------------------------------------------------------------------------------------------+
; Multiplexer Restructuring Statistics (Restructuring Performed)                                                                                      ;
+--------------------+-----------+---------------+----------------------+------------------------+------------+---------------------------------------+
; Multiplexer Inputs ; Bus Width ; Baseline Area ; Area if Restructured ; Saving if Restructured ; Registered ; Example Multiplexer Output            ;
+--------------------+-----------+---------------+----------------------+------------------------+------------+---------------------------------------+
; 17:1               ; 4 bits    ; 44 LEs        ; 12 LEs               ; 32 LEs                 ; Yes        ; |IO|showall:inst1|DigChoose:dc|num[3] ;
+--------------------+-----------+---------------+----------------------+------------------------+------------+---------------------------------------+


+---------------------------------------------------------------------------------------------------+
; Parameter Settings for User Entity Instance: ioRead:inst|lpm_mux0:inst1|lpm_mux:LPM_MUX_component ;
+------------------------+------------+-------------------------------------------------------------+
; Parameter Name         ; Value      ; Type                                                        ;
+------------------------+------------+-------------------------------------------------------------+
; AUTO_CARRY_CHAINS      ; ON         ; AUTO_CARRY                                                  ;
; IGNORE_CARRY_BUFFERS   ; OFF        ; IGNORE_CARRY                                                ;
; AUTO_CASCADE_CHAINS    ; ON         ; AUTO_CASCADE                                                ;
; IGNORE_CASCADE_BUFFERS ; OFF        ; IGNORE_CASCADE                                              ;
; LPM_WIDTH              ; 8          ; Signed Integer                                              ;
; LPM_SIZE               ; 2          ; Signed Integer                                              ;
; LPM_WIDTHS             ; 1          ; Signed Integer                                              ;
; LPM_PIPELINE           ; 0          ; Untyped                                                     ;
; CBXI_PARAMETER         ; mux_smc    ; Untyped                                                     ;
; DEVICE_FAMILY          ; Cyclone II ; Untyped                                                     ;
+------------------------+------------+-------------------------------------------------------------+
Note: In order to hide this table in the UI and the text report file, please set the "Show Parameter Settings in Synthesis Report" option in "Analysis and Synthesis Settings -> More Settings" to "Off".


+-----------------------------------------------------------------------------------------------------------------+
; Parameter Settings for User Entity Instance: ioRead:inst|lpm_constant0:inst|lpm_constant:LPM_CONSTANT_component ;
+--------------------+------------------+-------------------------------------------------------------------------+
; Parameter Name     ; Value            ; Type                                                                    ;
+--------------------+------------------+-------------------------------------------------------------------------+
; LPM_WIDTH          ; 8                ; Signed Integer                                                          ;
; LPM_CVALUE         ; 5                ; Signed Integer                                                          ;
; ENABLE_RUNTIME_MOD ; NO               ; Untyped                                                                 ;
; CBXI_PARAMETER     ; lpm_constant_vf6 ; Untyped                                                                 ;
+--------------------+------------------+-------------------------------------------------------------------------+
Note: In order to hide this table in the UI and the text report file, please set the "Show Parameter Settings in Synthesis Report" option in "Analysis and Synthesis Settings -> More Settings" to "Off".


+-------------------------------+
; Elapsed Time Per Partition    ;
+----------------+--------------+
; Partition Name ; Elapsed Time ;
+----------------+--------------+
; Top            ; 00:00:00     ;
+----------------+--------------+


+-------------------------------+
; Analysis & Synthesis Messages ;
+-------------------------------+
Info: *******************************************************************
Info: Running Quartus II 64-Bit Analysis & Synthesis
    Info: Version 13.0.1 Build 232 06/12/2013 Service Pack 1 SJ Full Version
    Info: Processing started: Fri May 29 14:43:20 2020
Info: Command: quartus_map --read_settings_files=on --write_settings_files=off IO -c IO
Info (11104): Parallel Compilation has detected 4 hyper-threaded processors. However, the extra hyper-threaded processors will not be used by default. Parallel Compilation will use 2 of the 2 physical processors detected instead.
Info (12021): Found 1 design units, including 1 entities, in source file /users/sc/documents/sophomoreii/coad/experiment/exp4/minicomputer/ioread/lpm_mux0.v
    Info (12023): Found entity 1: lpm_mux0
Info (12021): Found 1 design units, including 1 entities, in source file /users/sc/documents/sophomoreii/coad/experiment/exp4/minicomputer/ioread/lpm_constant0.v
    Info (12023): Found entity 1: lpm_constant0
Info (12021): Found 1 design units, including 1 entities, in source file /users/sc/documents/sophomoreii/coad/experiment/exp4/minicomputer/digchoose/digchoose.v
    Info (12023): Found entity 1: DigChoose
Info (12021): Found 1 design units, including 1 entities, in source file /users/sc/documents/sophomoreii/coad/experiment/exp4/minicomputer/showall/showall.v
    Info (12023): Found entity 1: showall
Info (12021): Found 1 design units, including 1 entities, in source file /users/sc/documents/sophomoreii/coad/experiment/exp4/minicomputer/show/show.v
    Info (12023): Found entity 1: show
Info (12021): Found 1 design units, including 1 entities, in source file /users/sc/documents/sophomoreii/coad/experiment/exp4/minicomputer/ioread/ioread.bdf
    Info (12023): Found entity 1: ioRead
Info (12021): Found 1 design units, including 1 entities, in source file io.bdf
    Info (12023): Found entity 1: IO
Info (12127): Elaborating entity "IO" for the top level hierarchy
Info (12128): Elaborating entity "showall" for hierarchy "showall:inst1"
Warning (10235): Verilog HDL Always Construct warning at showall.v(13): variable "ALUOut" is read inside the Always Construct but isn't in the Always Construct's Event Control
Info (12128): Elaborating entity "DigChoose" for hierarchy "showall:inst1|DigChoose:dc"
Warning (10230): Verilog HDL assignment warning at DigChoose.v(28): truncated value with size 32 to match size of target (5)
Warning (10230): Verilog HDL assignment warning at DigChoose.v(33): truncated value with size 8 to match size of target (5)
Info (10264): Verilog HDL Case Statement information at DigChoose.v(14): all case item expressions in this case statement are onehot
Info (12128): Elaborating entity "show" for hierarchy "showall:inst1|show:sh"
Info (12128): Elaborating entity "ioRead" for hierarchy "ioRead:inst"
Info (12128): Elaborating entity "lpm_mux0" for hierarchy "ioRead:inst|lpm_mux0:inst1"
Info (12128): Elaborating entity "lpm_mux" for hierarchy "ioRead:inst|lpm_mux0:inst1|lpm_mux:LPM_MUX_component"
Info (12130): Elaborated megafunction instantiation "ioRead:inst|lpm_mux0:inst1|lpm_mux:LPM_MUX_component"
Info (12133): Instantiated megafunction "ioRead:inst|lpm_mux0:inst1|lpm_mux:LPM_MUX_component" with the following parameter:
    Info (12134): Parameter "lpm_size" = "2"
    Info (12134): Parameter "lpm_type" = "LPM_MUX"
    Info (12134): Parameter "lpm_width" = "8"
    Info (12134): Parameter "lpm_widths" = "1"
Info (12021): Found 1 design units, including 1 entities, in source file db/mux_smc.tdf
    Info (12023): Found entity 1: mux_smc
Info (12128): Elaborating entity "mux_smc" for hierarchy "ioRead:inst|lpm_mux0:inst1|lpm_mux:LPM_MUX_component|mux_smc:auto_generated"
Info (12128): Elaborating entity "lpm_constant0" for hierarchy "ioRead:inst|lpm_constant0:inst"
Info (12128): Elaborating entity "lpm_constant" for hierarchy "ioRead:inst|lpm_constant0:inst|lpm_constant:LPM_CONSTANT_component"
Info (12130): Elaborated megafunction instantiation "ioRead:inst|lpm_constant0:inst|lpm_constant:LPM_CONSTANT_component"
Info (12133): Instantiated megafunction "ioRead:inst|lpm_constant0:inst|lpm_constant:LPM_CONSTANT_component" with the following parameter:
    Info (12134): Parameter "lpm_cvalue" = "5"
    Info (12134): Parameter "lpm_hint" = "ENABLE_RUNTIME_MOD=NO"
    Info (12134): Parameter "lpm_type" = "LPM_CONSTANT"
    Info (12134): Parameter "lpm_width" = "8"
Info (144001): Generated suppressed messages file C:/Users/SC/Documents/Sophomoreii/COAD/experiment/exp4/MiniComputer/IO/output_files/IO.map.smsg
Info (16010): Generating hard_block partition "hard_block:auto_generated_inst"
    Info (16011): Adding 0 node(s), including 0 DDIO, 0 PLL, 0 transceiver and 0 LCELL
Info (21057): Implemented 94 device resources after synthesis - the final resource count might be different
    Info (21058): Implemented 20 input pins
    Info (21059): Implemented 27 output pins
    Info (21061): Implemented 47 logic cells
Info: Quartus II 64-Bit Analysis & Synthesis was successful. 0 errors, 3 warnings
    Info: Peak virtual memory: 4623 megabytes
    Info: Processing ended: Fri May 29 14:43:24 2020
    Info: Elapsed time: 00:00:04
    Info: Total CPU time (on all processors): 00:00:03


+------------------------------------------+
; Analysis & Synthesis Suppressed Messages ;
+------------------------------------------+
The suppressed messages can be found in C:/Users/SC/Documents/Sophomoreii/COAD/experiment/exp4/MiniComputer/IO/output_files/IO.map.smsg.


